  main.cpp
C:\Users\marti\source\repos\xsvab-pvid-zadanie0\xsvab-pvid-zadanie0\src\main.cpp(58,45): warning C4244: 'argument': conversion from 'double' to '_Tp', possible loss of data
C:\Users\marti\source\repos\xsvab-pvid-zadanie0\xsvab-pvid-zadanie0\src\main.cpp(58,45): warning C4244:         with
C:\Users\marti\source\repos\xsvab-pvid-zadanie0\xsvab-pvid-zadanie0\src\main.cpp(58,45): warning C4244:         [
C:\Users\marti\source\repos\xsvab-pvid-zadanie0\xsvab-pvid-zadanie0\src\main.cpp(58,45): warning C4244:             _Tp=int
C:\Users\marti\source\repos\xsvab-pvid-zadanie0\xsvab-pvid-zadanie0\src\main.cpp(58,45): warning C4244:         ]
C:\Users\marti\source\repos\xsvab-pvid-zadanie0\xsvab-pvid-zadanie0\src\main.cpp(58,36): warning C4244: 'argument': conversion from 'double' to '_Tp', possible loss of data
C:\Users\marti\source\repos\xsvab-pvid-zadanie0\xsvab-pvid-zadanie0\src\main.cpp(58,36): warning C4244:         with
C:\Users\marti\source\repos\xsvab-pvid-zadanie0\xsvab-pvid-zadanie0\src\main.cpp(58,36): warning C4244:         [
C:\Users\marti\source\repos\xsvab-pvid-zadanie0\xsvab-pvid-zadanie0\src\main.cpp(58,36): warning C4244:             _Tp=int
C:\Users\marti\source\repos\xsvab-pvid-zadanie0\xsvab-pvid-zadanie0\src\main.cpp(58,36): warning C4244:         ]
C:\Users\marti\source\repos\xsvab-pvid-zadanie0\xsvab-pvid-zadanie0\src\main.cpp(138,45): warning C4244: 'argument': conversion from 'double' to '_Tp', possible loss of data
C:\Users\marti\source\repos\xsvab-pvid-zadanie0\xsvab-pvid-zadanie0\src\main.cpp(138,45): warning C4244:         with
C:\Users\marti\source\repos\xsvab-pvid-zadanie0\xsvab-pvid-zadanie0\src\main.cpp(138,45): warning C4244:         [
C:\Users\marti\source\repos\xsvab-pvid-zadanie0\xsvab-pvid-zadanie0\src\main.cpp(138,45): warning C4244:             _Tp=int
C:\Users\marti\source\repos\xsvab-pvid-zadanie0\xsvab-pvid-zadanie0\src\main.cpp(138,45): warning C4244:         ]
C:\Users\marti\source\repos\xsvab-pvid-zadanie0\xsvab-pvid-zadanie0\src\main.cpp(138,36): warning C4244: 'argument': conversion from 'double' to '_Tp', possible loss of data
C:\Users\marti\source\repos\xsvab-pvid-zadanie0\xsvab-pvid-zadanie0\src\main.cpp(138,36): warning C4244:         with
C:\Users\marti\source\repos\xsvab-pvid-zadanie0\xsvab-pvid-zadanie0\src\main.cpp(138,36): warning C4244:         [
C:\Users\marti\source\repos\xsvab-pvid-zadanie0\xsvab-pvid-zadanie0\src\main.cpp(138,36): warning C4244:             _Tp=int
C:\Users\marti\source\repos\xsvab-pvid-zadanie0\xsvab-pvid-zadanie0\src\main.cpp(138,36): warning C4244:         ]
  Generating code
  3 of 171 functions ( 1.8%) were compiled, the rest were copied from previous compilation.
    0 functions were new in current compilation
    14 functions had inline decision re-evaluated but remain unchanged
  Finished generating code
  xsvab-pvid-zadanie0.vcxproj -> C:\Users\marti\source\repos\xsvab-pvid-zadanie0\x64\Release\xsvab-pvid-zadanie0.exe
  'pwsh.exe' is not recognized as an internal or external command,
  operable program or batch file.
